0 info it worked if it ends with ok
1 verbose cli [ '/usr/bin/node', '/usr/bin/npm', 'install', 'socket.io-client' ]
2 info using npm@1.2.14
3 info using node@v0.8.22
4 verbose read json /var/lib/cloud9/test/package.json
5 verbose read json /var/lib/cloud9/test/node_modules/socket.io/package.json
6 verbose read json /var/lib/cloud9/test/package.json
7 verbose cache add [ 'socket.io-client', null ]
8 verbose cache add name=undefined spec="socket.io-client" args=["socket.io-client",null]
9 verbose parsed url { pathname: 'socket.io-client',
9 verbose parsed url   path: 'socket.io-client',
9 verbose parsed url   href: 'socket.io-client' }
10 silly lockFile 4e0afff2-socket-io-client socket.io-client
11 verbose lock socket.io-client /home/root/.npm/4e0afff2-socket-io-client.lock
12 silly lockFile 4e0afff2-socket-io-client socket.io-client
13 silly lockFile 4e0afff2-socket-io-client socket.io-client
14 verbose addNamed [ 'socket.io-client', '' ]
15 verbose addNamed [ null, '' ]
16 silly lockFile 2972a950-socket-io-client socket.io-client@
17 verbose lock socket.io-client@ /home/root/.npm/2972a950-socket-io-client.lock
18 silly addNameRange { name: 'socket.io-client', range: '', hasData: false }
19 verbose url raw socket.io-client
20 verbose url resolving [ 'https://registry.npmjs.org/', './socket.io-client' ]
21 verbose url resolved https://registry.npmjs.org/socket.io-client
22 info trying registry request attempt 1 at 00:53:05
23 http GET https://registry.npmjs.org/socket.io-client
24 info retry will retry, error on last attempt: Error: getaddrinfo ENOTFOUND
25 info trying registry request attempt 2 at 00:53:15
26 http GET https://registry.npmjs.org/socket.io-client
27 info retry will retry, error on last attempt: Error: getaddrinfo ENOTFOUND
28 info trying registry request attempt 3 at 00:54:15
29 http GET https://registry.npmjs.org/socket.io-client
30 silly lockFile 2972a950-socket-io-client socket.io-client@
31 silly lockFile 2972a950-socket-io-client socket.io-client@
32 error Error: getaddrinfo ENOTFOUND
32 error     at errnoException (dns.js:37:11)
32 error     at Object.onanswer [as oncomplete] (dns.js:124:16)
33 error If you need help, you may report this log at:
33 error     <http://github.com/isaacs/npm/issues>
33 error or email it to:
33 error     <npm-@googlegroups.com>
34 error System Linux 3.8.13
35 error command "/usr/bin/node" "/usr/bin/npm" "install" "socket.io-client"
36 error cwd /var/lib/cloud9/test
37 error node -v v0.8.22
38 error npm -v 1.2.14
39 error syscall getaddrinfo
40 error code ENOTFOUND
41 error errno ENOTFOUND
42 verbose exit [ 1, true ]
